Determining if the function sgemm_ exists failed with the following output:
Change Dir: /home/phw93/dev/OpenCV/build/CMakeFiles/CMakeTmp

Run Build Command(s):/usr/bin/make cmTC_927e4/fast && /usr/bin/make -f CMakeFiles/cmTC_927e4.dir/build.make CMakeFiles/cmTC_927e4.dir/build
make[1]: Entering directory '/home/phw93/dev/OpenCV/build/CMakeFiles/CMakeTmp'
Building C object CMakeFiles/cmTC_927e4.dir/CheckFunctionExists.c.o
/usr/bin/cc   -DCHECK_FUNCTION_EXISTS=sgemm_   -o CMakeFiles/cmTC_927e4.dir/CheckFunctionExists.c.o   -c /usr/share/cmake-3.16/Modules/CheckFunctionExists.c
Linking C executable cmTC_927e4
/usr/bin/cmake -E cmake_link_script CMakeFiles/cmTC_927e4.dir/link.txt --verbose=1
/usr/bin/cc  -DCHECK_FUNCTION_EXISTS=sgemm_    -rdynamic CMakeFiles/cmTC_927e4.dir/CheckFunctionExists.c.o  -o cmTC_927e4 
/usr/bin/ld: CMakeFiles/cmTC_927e4.dir/CheckFunctionExists.c.o: in function `main':
CheckFunctionExists.c:(.text+0x14): undefined reference to `sgemm_'
collect2: error: ld returned 1 exit status
make[1]: *** [CMakeFiles/cmTC_927e4.dir/build.make:87: cmTC_927e4] Error 1
make[1]: Leaving directory '/home/phw93/dev/OpenCV/build/CMakeFiles/CMakeTmp'
make: *** [Makefile:121: cmTC_927e4/fast] Error 2



Performing C SOURCE FILE Test CMAKE_HAVE_LIBC_PTHREAD failed with the following output:
Change Dir: /home/phw93/dev/OpenCV/build/CMakeFiles/CMakeTmp

Run Build Command(s):/usr/bin/make cmTC_2f270/fast && /usr/bin/make -f CMakeFiles/cmTC_2f270.dir/build.make CMakeFiles/cmTC_2f270.dir/build
make[1]: Entering directory '/home/phw93/dev/OpenCV/build/CMakeFiles/CMakeTmp'
Building C object CMakeFiles/cmTC_2f270.dir/src.c.o
/usr/bin/cc   -DCMAKE_HAVE_LIBC_PTHREAD   -o CMakeFiles/cmTC_2f270.dir/src.c.o   -c /home/phw93/dev/OpenCV/build/CMakeFiles/CMakeTmp/src.c
Linking C executable cmTC_2f270
/usr/bin/cmake -E cmake_link_script CMakeFiles/cmTC_2f270.dir/link.txt --verbose=1
/usr/bin/cc  -DCMAKE_HAVE_LIBC_PTHREAD    -rdynamic CMakeFiles/cmTC_2f270.dir/src.c.o  -o cmTC_2f270 
/usr/bin/ld: CMakeFiles/cmTC_2f270.dir/src.c.o: in function `main':
src.c:(.text+0x46): undefined reference to `pthread_create'
/usr/bin/ld: src.c:(.text+0x52): undefined reference to `pthread_detach'
/usr/bin/ld: src.c:(.text+0x63): undefined reference to `pthread_join'
collect2: error: ld returned 1 exit status
make[1]: *** [CMakeFiles/cmTC_2f270.dir/build.make:87: cmTC_2f270] Error 1
make[1]: Leaving directory '/home/phw93/dev/OpenCV/build/CMakeFiles/CMakeTmp'
make: *** [Makefile:121: cmTC_2f270/fast] Error 2


Source file was:
#include <pthread.h>

void* test_func(void* data)
{
  return data;
}

int main(void)
{
  pthread_t thread;
  pthread_create(&thread, NULL, test_func, NULL);
  pthread_detach(thread);
  pthread_join(thread, NULL);
  pthread_atfork(NULL, NULL, NULL);
  pthread_exit(NULL);

  return 0;
}

Determining if the function pthread_create exists in the pthreads failed with the following output:
Change Dir: /home/phw93/dev/OpenCV/build/CMakeFiles/CMakeTmp

Run Build Command(s):/usr/bin/make cmTC_d95eb/fast && /usr/bin/make -f CMakeFiles/cmTC_d95eb.dir/build.make CMakeFiles/cmTC_d95eb.dir/build
make[1]: Entering directory '/home/phw93/dev/OpenCV/build/CMakeFiles/CMakeTmp'
Building C object CMakeFiles/cmTC_d95eb.dir/CheckFunctionExists.c.o
/usr/bin/cc   -DCHECK_FUNCTION_EXISTS=pthread_create   -o CMakeFiles/cmTC_d95eb.dir/CheckFunctionExists.c.o   -c /usr/share/cmake-3.16/Modules/CheckFunctionExists.c
Linking C executable cmTC_d95eb
/usr/bin/cmake -E cmake_link_script CMakeFiles/cmTC_d95eb.dir/link.txt --verbose=1
/usr/bin/cc  -DCHECK_FUNCTION_EXISTS=pthread_create    -rdynamic CMakeFiles/cmTC_d95eb.dir/CheckFunctionExists.c.o  -o cmTC_d95eb  -lpthreads 
/usr/bin/ld: cannot find -lpthreads
collect2: error: ld returned 1 exit status
make[1]: *** [CMakeFiles/cmTC_d95eb.dir/build.make:87: cmTC_d95eb] Error 1
make[1]: Leaving directory '/home/phw93/dev/OpenCV/build/CMakeFiles/CMakeTmp'
make: *** [Makefile:121: cmTC_d95eb/fast] Error 2



Determining if the function cheev_ exists failed with the following output:
Change Dir: /home/phw93/dev/OpenCV/build/CMakeFiles/CMakeTmp

Run Build Command(s):/usr/bin/make cmTC_d27f7/fast && /usr/bin/make -f CMakeFiles/cmTC_d27f7.dir/build.make CMakeFiles/cmTC_d27f7.dir/build
make[1]: Entering directory '/home/phw93/dev/OpenCV/build/CMakeFiles/CMakeTmp'
Building C object CMakeFiles/cmTC_d27f7.dir/CheckFunctionExists.c.o
/usr/bin/cc   -DCHECK_FUNCTION_EXISTS=cheev_   -o CMakeFiles/cmTC_d27f7.dir/CheckFunctionExists.c.o   -c /usr/share/cmake-3.16/Modules/CheckFunctionExists.c
Linking C executable cmTC_d27f7
/usr/bin/cmake -E cmake_link_script CMakeFiles/cmTC_d27f7.dir/link.txt --verbose=1
/usr/bin/cc  -DCHECK_FUNCTION_EXISTS=cheev_    -rdynamic CMakeFiles/cmTC_d27f7.dir/CheckFunctionExists.c.o  -o cmTC_d27f7  /usr/lib/x86_64-linux-gnu/libf77blas.so /usr/lib/x86_64-linux-gnu/libatlas.so 
/usr/bin/ld: CMakeFiles/cmTC_d27f7.dir/CheckFunctionExists.c.o: in function `main':
CheckFunctionExists.c:(.text+0x14): undefined reference to `cheev_'
collect2: error: ld returned 1 exit status
make[1]: *** [CMakeFiles/cmTC_d27f7.dir/build.make:89: cmTC_d27f7] Error 1
make[1]: Leaving directory '/home/phw93/dev/OpenCV/build/CMakeFiles/CMakeTmp'
make: *** [Makefile:121: cmTC_d27f7/fast] Error 2



